<?xml version="1.0" encoding="UTF-8"?>
<testng-results ignored="0" total="1" passed="1" failed="0" skipped="0">
  <reporter-output>
  </reporter-output>
  <suite started-at="2020-11-08T20:28:43Z" name="Default suite" finished-at="2020-11-08T20:28:43Z" duration-ms="60">
    <groups>
    </groups>
    <test started-at="2020-11-08T20:28:43Z" name="Default test" finished-at="2020-11-08T20:28:43Z" duration-ms="60">
      <class name="test.TestNGEj">
        <test-method signature="f()[pri:0, instance:test.TestNGEj@6b0d80ed]" started-at="2020-11-08T15:28:43Z" name="f" finished-at="2020-11-08T15:28:43Z" duration-ms="23" status="PASS">
          <reporter-output>
          </reporter-output>
        </test-method> <!-- f -->
      </class> <!-- test.TestNGEj -->
    </test> <!-- Default test -->
  </suite> <!-- Default suite -->
</testng-results>
